Using pre-set license
Built from '2020.3/staging' branch; Version is '2020.3.11f1 (99c7afb366b3) revision 10078127'; Using compiler version '192528614'; Build Type 'Release'
OS: 'Windows 10 Pro; OS build 19043.1052; Version 2009; 64bit' Language: 'pl' Physical Memory: 16335 MB
BatchMode: 1, IsHumanControllingUs: 0, StartBugReporterOnCrash: 0, Is64bit: 1, IsPro: 0

 COMMAND LINE ARGUMENTS:
C:\Unity\2020.3.11f1\Editor\Unity.exe
-adb2
-batchMode
-noUpm
-name
AssetImportWorker1
-projectPath
C:/Users/Gamedev/Documents/Unity 2020.LTS/2D-Platformer-Assignnment
-logFile
Logs/AssetImportWorker1.log
-srvPort
64287
Successfully changed project path to: C:/Users/Gamedev/Documents/Unity 2020.LTS/2D-Platformer-Assignnment
C:/Users/Gamedev/Documents/Unity 2020.LTS/2D-Platformer-Assignnment
Using Asset Import Pipeline V2.
Refreshing native plugins compatible for Editor in 61.15 ms, found 3 plugins.
Preloading 0 native plugins for Editor in 0.00 ms.
Initialize engine version: 2020.3.11f1 (99c7afb366b3)
[Subsystems] Discovering subsystems at path C:/Unity/2020.3.11f1/Editor/Data/Resources/UnitySubsystems
[Subsystems] Discovering subsystems at path C:/Users/Gamedev/Documents/Unity 2020.LTS/2D-Platformer-Assignnment/Assets
GfxDevice: creating device client; threaded=0
Direct3D:
    Version:  Direct3D 11.0 [level 11.1]
    Renderer: NVIDIA GeForce GTX 960 (ID=0x1401)
    Vendor:   
    VRAM:     4053 MB
    Driver:   27.21.14.5671
Initialize mono
Mono path[0] = 'C:/Unity/2020.3.11f1/Editor/Data/Managed'
Mono path[1] = 'C:/Unity/2020.3.11f1/Editor/Data/MonoBleedingEdge/lib/mono/unityjit'
Mono config path = 'C:/Unity/2020.3.11f1/Editor/Data/MonoBleedingEdge/etc'
Using monoOptions --debugger-agent=transport=dt_socket,embedding=1,server=y,suspend=n,address=127.0.0.1:56020
Begin MonoManager ReloadAssembly
Registering precompiled unity dll's ...
Register platform support module: C:/Unity/2020.3.11f1/Editor/Data/PlaybackEngines/WebGLSupport/UnityEditor.WebGL.Extensions.dll
Register platform support module: C:/Unity/2020.3.11f1/Editor/Data/PlaybackEngines/WindowsStandaloneSupport/UnityEditor.WindowsStandalone.Extensions.dll
Registered in 0.004307 seconds.
Native extension for WindowsStandalone target not found
Native extension for WebGL target not found
Refreshing native plugins compatible for Editor in 59.83 ms, found 3 plugins.
Preloading 0 native plugins for Editor in 0.00 ms.
Mono: successfully reloaded assembly
- Completed reload, in  2.241 seconds
Platform modules already initialized, skipping
Registering precompiled user dll's ...
Registered in 0.006001 seconds.
Begin MonoManager ReloadAssembly
OnLevelWasLoaded was found on GameManager
This message has been deprecated and will be removed in a later version of Unity.
Add a delegate to SceneManager.sceneLoaded instead to get notifications after scene loading has completed

Native extension for WindowsStandalone target not found
Native extension for WebGL target not found
Refreshing native plugins compatible for Editor in 56.68 ms, found 3 plugins.
Preloading 0 native plugins for Editor in 0.00 ms.
Mono: successfully reloaded assembly
- Completed reload, in  1.619 seconds
Platform modules already initialized, skipping
========================================================================
Worker process is ready to serve import requests
Launched and connected shader compiler UnityShaderCompiler.exe after 0.06 seconds
Refreshing native plugins compatible for Editor in 0.59 ms, found 3 plugins.
Preloading 0 native plugins for Editor in 0.00 ms.
Unloading 2091 Unused Serialized files (Serialized files now loaded: 0)
System memory in use before: 93.4 MB.
System memory in use after: 93.4 MB.

Unloading 33 unused Assets to reduce memory usage. Loaded Objects now: 2526.
Total: 3.146300 ms (FindLiveObjects: 0.276600 ms CreateObjectMapping: 0.071100 ms MarkObjects: 2.619500 ms  DeleteObjects: 0.176900 ms)

========================================================================
Received Import Request.
  path: Assets/Scenes/level_0.unity
  artifactKey: Guid(e05ef8be0fed7eb4a9cc1fc7e1145369) Importer(815301076,1909f56bfc062723c751e8b465ee728b)
Start importing Assets/Scenes/level_0.unity using Guid(e05ef8be0fed7eb4a9cc1fc7e1145369) Importer(815301076,1909f56bfc062723c751e8b465ee728b)  -> (artifact id: 'e4d9d744aba3981c1e1614ece797470c') in 0.024484 seconds
  Import took 0.029628 seconds .

========================================================================
Received Import Request.
  Time since last request: 58.637236 seconds.
  path: Assets/Animations/EnemyShroomAnims/enemyShroomAnimDeath.anim
  artifactKey: Guid(4950f31f4b8328e4ea86f614fea29626) Importer(815301076,1909f56bfc062723c751e8b465ee728b)
Start importing Assets/Animations/EnemyShroomAnims/enemyShroomAnimDeath.anim using Guid(4950f31f4b8328e4ea86f614fea29626) Importer(815301076,1909f56bfc062723c751e8b465ee728b)  -> (artifact id: '9996e1ce43e8f1601566ff58017ebd09') in 0.064667 seconds
  Import took 0.068604 seconds .

========================================================================
Received Import Request.
  Time since last request: 51.477633 seconds.
  path: Assets/!Imported/BloomEntertainment/Sprites/enemies sprites/mushroom/mushroom_death_anim_strip_6.png
  artifactKey: Guid(d02f8e253c02a6b469ce90e4a061e959) Importer(815301076,1909f56bfc062723c751e8b465ee728b)
Start importing Assets/!Imported/BloomEntertainment/Sprites/enemies sprites/mushroom/mushroom_death_anim_strip_6.png using Guid(d02f8e253c02a6b469ce90e4a061e959) Importer(815301076,1909f56bfc062723c751e8b465ee728b)  -> (artifact id: '50de8bac00ff846271c43b5d4cb3af09') in 0.109789 seconds
  Import took 0.114052 seconds .

========================================================================
Received Import Request.
  Time since last request: 4.009056 seconds.
  path: Assets/!Imported/BloomEntertainment/Sprites/enemies sprites/mushroom/mushroom_hit_anim_strip_3.png
  artifactKey: Guid(c4fc33cce3a2b324f89bc8717333f640) Importer(815301076,1909f56bfc062723c751e8b465ee728b)
Start importing Assets/!Imported/BloomEntertainment/Sprites/enemies sprites/mushroom/mushroom_hit_anim_strip_3.png using Guid(c4fc33cce3a2b324f89bc8717333f640) Importer(815301076,1909f56bfc062723c751e8b465ee728b)  -> (artifact id: '827064fe7a7a8ee09d9ea18e6b8b0430') in 0.019582 seconds
  Import took 0.023781 seconds .

========================================================================
Received Import Request.
  Time since last request: 6.381061 seconds.
  path: Assets/!Imported/BloomEntertainment/Sprites/enemies sprites/mushroom/mushroom_hit_anim_strip_3.png
  artifactKey: Guid(c4fc33cce3a2b324f89bc8717333f640) Importer(815301076,1909f56bfc062723c751e8b465ee728b)
Start importing Assets/!Imported/BloomEntertainment/Sprites/enemies sprites/mushroom/mushroom_hit_anim_strip_3.png using Guid(c4fc33cce3a2b324f89bc8717333f640) Importer(815301076,1909f56bfc062723c751e8b465ee728b)  -> (artifact id: 'b29fec8bf43cd143f89646fcd81b71af') in 0.034702 seconds
  Import took 0.039512 seconds .

========================================================================
Received Import Request.
  Time since last request: 6.487743 seconds.
  path: Assets/!Imported/BloomEntertainment/Sprites/enemies sprites/mushroom/mushroom_hit_anim_strip_3.png
  artifactKey: Guid(c4fc33cce3a2b324f89bc8717333f640) Importer(815301076,1909f56bfc062723c751e8b465ee728b)
Start importing Assets/!Imported/BloomEntertainment/Sprites/enemies sprites/mushroom/mushroom_hit_anim_strip_3.png using Guid(c4fc33cce3a2b324f89bc8717333f640) Importer(815301076,1909f56bfc062723c751e8b465ee728b)  -> (artifact id: '0a36321335d83d570cc7a3350ba3b8a0') in 0.029437 seconds
  Import took 0.033380 seconds .

========================================================================
Received Import Request.
  Time since last request: 20.396823 seconds.
  path: Assets/!Imported/BloomEntertainment/Sprites/enemies sprites/mushroom/mushroom_death_anim_strip_6.png
  artifactKey: Guid(d02f8e253c02a6b469ce90e4a061e959) Importer(815301076,1909f56bfc062723c751e8b465ee728b)
Start importing Assets/!Imported/BloomEntertainment/Sprites/enemies sprites/mushroom/mushroom_death_anim_strip_6.png using Guid(d02f8e253c02a6b469ce90e4a061e959) Importer(815301076,1909f56bfc062723c751e8b465ee728b)  -> (artifact id: '10eee62fd4f18ae481857cd2dddc276a') in 0.025895 seconds
  Import took 0.030927 seconds .

========================================================================
Received Import Request.
  Time since last request: 3.705965 seconds.
  path: Assets/!Imported/BloomEntertainment/Sprites/enemies sprites/mushroom/mushroom_death_anim_strip_6.png
  artifactKey: Guid(d02f8e253c02a6b469ce90e4a061e959) Importer(815301076,1909f56bfc062723c751e8b465ee728b)
Start importing Assets/!Imported/BloomEntertainment/Sprites/enemies sprites/mushroom/mushroom_death_anim_strip_6.png using Guid(d02f8e253c02a6b469ce90e4a061e959) Importer(815301076,1909f56bfc062723c751e8b465ee728b)  -> (artifact id: 'c71c826ae21b0c54abee1b0a76795e3a') in 0.038989 seconds
  Import took 0.043255 seconds .

========================================================================
Received Prepare
Registering precompiled user dll's ...
Registered in 0.005077 seconds.
Begin MonoManager ReloadAssembly
Native extension for WindowsStandalone target not found
Native extension for WebGL target not found
Refreshing native plugins compatible for Editor in 0.69 ms, found 3 plugins.
Preloading 0 native plugins for Editor in 0.00 ms.
Mono: successfully reloaded assembly
- Completed reload, in  1.533 seconds
Platform modules already initialized, skipping
OnLevelWasLoaded was found on GameManager
This message has been deprecated and will be removed in a later version of Unity.
Add a delegate to SceneManager.sceneLoaded instead to get notifications after scene loading has completed

Refreshing native plugins compatible for Editor in 0.57 ms, found 3 plugins.
Preloading 0 native plugins for Editor in 0.00 ms.
Unloading 2086 Unused Serialized files (Serialized files now loaded: 0)
System memory in use before: 96.3 MB.
System memory in use after: 96.3 MB.

Unloading 21 unused Assets to reduce memory usage. Loaded Objects now: 2540.
Total: 3.168700 ms (FindLiveObjects: 0.249000 ms CreateObjectMapping: 0.069600 ms MarkObjects: 2.709100 ms  DeleteObjects: 0.138600 ms)

========================================================================
Received Prepare
Registering precompiled user dll's ...
Registered in 0.005191 seconds.
Begin MonoManager ReloadAssembly
Native extension for WindowsStandalone target not found
Native extension for WebGL target not found
Refreshing native plugins compatible for Editor in 0.57 ms, found 3 plugins.
Preloading 0 native plugins for Editor in 0.00 ms.
Mono: successfully reloaded assembly
- Completed reload, in  1.462 seconds
Platform modules already initialized, skipping
OnLevelWasLoaded was found on GameManager
This message has been deprecated and will be removed in a later version of Unity.
Add a delegate to SceneManager.sceneLoaded instead to get notifications after scene loading has completed

Refreshing native plugins compatible for Editor in 0.57 ms, found 3 plugins.
Preloading 0 native plugins for Editor in 0.00 ms.
Unloading 2086 Unused Serialized files (Serialized files now loaded: 0)
System memory in use before: 96.4 MB.
System memory in use after: 96.3 MB.

Unloading 21 unused Assets to reduce memory usage. Loaded Objects now: 2544.
Total: 3.101100 ms (FindLiveObjects: 0.290200 ms CreateObjectMapping: 0.075400 ms MarkObjects: 2.580800 ms  DeleteObjects: 0.151900 ms)

========================================================================
Received Prepare
Registering precompiled user dll's ...
Registered in 0.008440 seconds.
Begin MonoManager ReloadAssembly
Native extension for WindowsStandalone target not found
Native extension for WebGL target not found
Refreshing native plugins compatible for Editor in 0.59 ms, found 3 plugins.
Preloading 0 native plugins for Editor in 0.00 ms.
Mono: successfully reloaded assembly
- Completed reload, in  1.719 seconds
Platform modules already initialized, skipping
OnLevelWasLoaded was found on GameManager
This message has been deprecated and will be removed in a later version of Unity.
Add a delegate to SceneManager.sceneLoaded instead to get notifications after scene loading has completed

Refreshing native plugins compatible for Editor in 0.63 ms, found 3 plugins.
Preloading 0 native plugins for Editor in 0.00 ms.
Unloading 2086 Unused Serialized files (Serialized files now loaded: 0)
System memory in use before: 96.4 MB.
System memory in use after: 96.4 MB.

Unloading 21 unused Assets to reduce memory usage. Loaded Objects now: 2548.
Total: 3.267200 ms (FindLiveObjects: 0.251900 ms CreateObjectMapping: 0.068500 ms MarkObjects: 2.802900 ms  DeleteObjects: 0.141800 ms)

========================================================================
Received Prepare
Registering precompiled user dll's ...
Registered in 0.004907 seconds.
Begin MonoManager ReloadAssembly
Native extension for WindowsStandalone target not found
Native extension for WebGL target not found
Refreshing native plugins compatible for Editor in 0.58 ms, found 3 plugins.
Preloading 0 native plugins for Editor in 0.00 ms.
Mono: successfully reloaded assembly
- Completed reload, in  1.513 seconds
Platform modules already initialized, skipping
OnLevelWasLoaded was found on GameManager
This message has been deprecated and will be removed in a later version of Unity.
Add a delegate to SceneManager.sceneLoaded instead to get notifications after scene loading has completed

Refreshing native plugins compatible for Editor in 0.56 ms, found 3 plugins.
Preloading 0 native plugins for Editor in 0.00 ms.
Unloading 2086 Unused Serialized files (Serialized files now loaded: 0)
System memory in use before: 96.4 MB.
System memory in use after: 96.4 MB.

Unloading 21 unused Assets to reduce memory usage. Loaded Objects now: 2552.
Total: 2.907500 ms (FindLiveObjects: 0.269400 ms CreateObjectMapping: 0.084600 ms MarkObjects: 2.405700 ms  DeleteObjects: 0.146100 ms)

========================================================================
Received Prepare
Registering precompiled user dll's ...
Registered in 0.007415 seconds.
Begin MonoManager ReloadAssembly
Native extension for WindowsStandalone target not found
Native extension for WebGL target not found
Refreshing native plugins compatible for Editor in 0.63 ms, found 3 plugins.
Preloading 0 native plugins for Editor in 0.00 ms.
Mono: successfully reloaded assembly
- Completed reload, in  1.470 seconds
Platform modules already initialized, skipping
OnLevelWasLoaded was found on GameManager
This message has been deprecated and will be removed in a later version of Unity.
Add a delegate to SceneManager.sceneLoaded instead to get notifications after scene loading has completed

Refreshing native plugins compatible for Editor in 0.58 ms, found 3 plugins.
Preloading 0 native plugins for Editor in 0.00 ms.
Unloading 2086 Unused Serialized files (Serialized files now loaded: 0)
System memory in use before: 96.5 MB.
System memory in use after: 96.4 MB.

Unloading 21 unused Assets to reduce memory usage. Loaded Objects now: 2556.
Total: 3.177100 ms (FindLiveObjects: 0.259700 ms CreateObjectMapping: 0.072400 ms MarkObjects: 2.699100 ms  DeleteObjects: 0.143500 ms)

AssetImportWorkerClient::OnTransportError - code=2 error=End of file
