Using pre-set license
Built from '2020.3/staging' branch; Version is '2020.3.11f1 (99c7afb366b3) revision 10078127'; Using compiler version '192528614'; Build Type 'Release'
OS: 'Windows 10 Pro; OS build 19043.1052; Version 2009; 64bit' Language: 'pl' Physical Memory: 16335 MB
BatchMode: 1, IsHumanControllingUs: 0, StartBugReporterOnCrash: 0, Is64bit: 1, IsPro: 0

 COMMAND LINE ARGUMENTS:
C:\Unity\2020.3.11f1\Editor\Unity.exe
-adb2
-batchMode
-noUpm
-name
AssetImportWorker0
-projectPath
C:/Users/Gamedev/Documents/Unity 2020.LTS/2D-Platformer-Assignnment
-logFile
Logs/AssetImportWorker0.log
-srvPort
53855
Successfully changed project path to: C:/Users/Gamedev/Documents/Unity 2020.LTS/2D-Platformer-Assignnment
C:/Users/Gamedev/Documents/Unity 2020.LTS/2D-Platformer-Assignnment
Using Asset Import Pipeline V2.
Refreshing native plugins compatible for Editor in 67.17 ms, found 3 plugins.
Preloading 0 native plugins for Editor in 0.00 ms.
Initialize engine version: 2020.3.11f1 (99c7afb366b3)
[Subsystems] Discovering subsystems at path C:/Unity/2020.3.11f1/Editor/Data/Resources/UnitySubsystems
[Subsystems] Discovering subsystems at path C:/Users/Gamedev/Documents/Unity 2020.LTS/2D-Platformer-Assignnment/Assets
GfxDevice: creating device client; threaded=0
Direct3D:
    Version:  Direct3D 11.0 [level 11.1]
    Renderer: NVIDIA GeForce GTX 960 (ID=0x1401)
    Vendor:   
    VRAM:     4053 MB
    Driver:   27.21.14.5671
Initialize mono
Mono path[0] = 'C:/Unity/2020.3.11f1/Editor/Data/Managed'
Mono path[1] = 'C:/Unity/2020.3.11f1/Editor/Data/MonoBleedingEdge/lib/mono/unityjit'
Mono config path = 'C:/Unity/2020.3.11f1/Editor/Data/MonoBleedingEdge/etc'
Using monoOptions --debugger-agent=transport=dt_socket,embedding=1,server=y,suspend=n,address=127.0.0.1:56460
Begin MonoManager ReloadAssembly
Registering precompiled unity dll's ...
Register platform support module: C:/Unity/2020.3.11f1/Editor/Data/PlaybackEngines/WebGLSupport/UnityEditor.WebGL.Extensions.dll
Register platform support module: C:/Unity/2020.3.11f1/Editor/Data/PlaybackEngines/WindowsStandaloneSupport/UnityEditor.WindowsStandalone.Extensions.dll
Registered in 0.003542 seconds.
Native extension for WindowsStandalone target not found
Native extension for WebGL target not found
Refreshing native plugins compatible for Editor in 95.91 ms, found 3 plugins.
Preloading 0 native plugins for Editor in 0.00 ms.
Mono: successfully reloaded assembly
- Completed reload, in  1.985 seconds
Platform modules already initialized, skipping
Registering precompiled user dll's ...
Registered in 0.005514 seconds.
Begin MonoManager ReloadAssembly
OnLevelWasLoaded was found on GameManager
This message has been deprecated and will be removed in a later version of Unity.
Add a delegate to SceneManager.sceneLoaded instead to get notifications after scene loading has completed

Native extension for WindowsStandalone target not found
Native extension for WebGL target not found
Refreshing native plugins compatible for Editor in 59.11 ms, found 3 plugins.
Preloading 0 native plugins for Editor in 0.00 ms.
Mono: successfully reloaded assembly
- Completed reload, in  2.405 seconds
Platform modules already initialized, skipping
========================================================================
Worker process is ready to serve import requests
Launched and connected shader compiler UnityShaderCompiler.exe after 0.07 seconds
Refreshing native plugins compatible for Editor in 0.65 ms, found 3 plugins.
Preloading 0 native plugins for Editor in 0.00 ms.
Unloading 2094 Unused Serialized files (Serialized files now loaded: 0)
System memory in use before: 93.5 MB.
System memory in use after: 93.4 MB.

Unloading 33 unused Assets to reduce memory usage. Loaded Objects now: 2529.
Total: 3.090900 ms (FindLiveObjects: 0.268400 ms CreateObjectMapping: 0.070800 ms MarkObjects: 2.580600 ms  DeleteObjects: 0.168900 ms)

========================================================================
Received Import Request.
  path: Assets/Scripts/Player/PlayerController.cs
  artifactKey: Guid(745460c1ed626704eaf2944605e32e39) Importer(815301076,1909f56bfc062723c751e8b465ee728b)
Start importing Assets/Scripts/Player/PlayerController.cs using Guid(745460c1ed626704eaf2944605e32e39) Importer(815301076,1909f56bfc062723c751e8b465ee728b)  -> (artifact id: 'f585580797648962f03016a1f9823305') in 0.068961 seconds
  Import took 0.073394 seconds .

========================================================================
Received Prepare
Registering precompiled user dll's ...
Registered in 0.005273 seconds.
Begin MonoManager ReloadAssembly
Native extension for WindowsStandalone target not found
Native extension for WebGL target not found
Refreshing native plugins compatible for Editor in 0.59 ms, found 3 plugins.
Preloading 0 native plugins for Editor in 0.00 ms.
Mono: successfully reloaded assembly
- Completed reload, in  1.425 seconds
Platform modules already initialized, skipping
Refreshing native plugins compatible for Editor in 0.58 ms, found 3 plugins.
Preloading 0 native plugins for Editor in 0.00 ms.
Unloading 2089 Unused Serialized files (Serialized files now loaded: 0)
System memory in use before: 93.4 MB.
System memory in use after: 93.4 MB.

Unloading 21 unused Assets to reduce memory usage. Loaded Objects now: 2533.
Total: 3.390500 ms (FindLiveObjects: 0.259200 ms CreateObjectMapping: 0.080600 ms MarkObjects: 2.910400 ms  DeleteObjects: 0.138600 ms)

========================================================================
Received Prepare
Registering precompiled user dll's ...
Registered in 0.005096 seconds.
Begin MonoManager ReloadAssembly
Native extension for WindowsStandalone target not found
Native extension for WebGL target not found
Refreshing native plugins compatible for Editor in 0.58 ms, found 3 plugins.
Preloading 0 native plugins for Editor in 0.00 ms.
Mono: successfully reloaded assembly
- Completed reload, in  1.382 seconds
Platform modules already initialized, skipping
Refreshing native plugins compatible for Editor in 0.60 ms, found 3 plugins.
Preloading 0 native plugins for Editor in 0.00 ms.
Unloading 2089 Unused Serialized files (Serialized files now loaded: 0)
System memory in use before: 93.5 MB.
System memory in use after: 93.4 MB.

Unloading 21 unused Assets to reduce memory usage. Loaded Objects now: 2537.
Total: 3.407900 ms (FindLiveObjects: 0.268300 ms CreateObjectMapping: 0.074300 ms MarkObjects: 2.889400 ms  DeleteObjects: 0.173300 ms)

========================================================================
Received Prepare
Registering precompiled user dll's ...
Registered in 0.005343 seconds.
Begin MonoManager ReloadAssembly
Native extension for WindowsStandalone target not found
Native extension for WebGL target not found
Refreshing native plugins compatible for Editor in 0.57 ms, found 3 plugins.
Preloading 0 native plugins for Editor in 0.00 ms.
Mono: successfully reloaded assembly
- Completed reload, in  1.349 seconds
Platform modules already initialized, skipping
Refreshing native plugins compatible for Editor in 0.57 ms, found 3 plugins.
Preloading 0 native plugins for Editor in 0.00 ms.
Unloading 2089 Unused Serialized files (Serialized files now loaded: 0)
System memory in use before: 93.5 MB.
System memory in use after: 93.5 MB.

Unloading 21 unused Assets to reduce memory usage. Loaded Objects now: 2541.
Total: 2.933500 ms (FindLiveObjects: 0.245400 ms CreateObjectMapping: 0.066500 ms MarkObjects: 2.480800 ms  DeleteObjects: 0.138900 ms)

========================================================================
Received Import Request.
  Time since last request: 4464.495779 seconds.
  path: Assets/Scenes/level_2.unity
  artifactKey: Guid(538ccc82283e76a48b79c5702194834a) Importer(815301076,1909f56bfc062723c751e8b465ee728b)
Start importing Assets/Scenes/level_2.unity using Guid(538ccc82283e76a48b79c5702194834a) Importer(815301076,1909f56bfc062723c751e8b465ee728b)  -> (artifact id: '46eca97181f5d958aace4ba8a31fb2e4') in 0.026776 seconds
  Import took 0.030665 seconds .

========================================================================
Received Prepare
Registering precompiled user dll's ...
Registered in 0.005244 seconds.
Begin MonoManager ReloadAssembly
Native extension for WindowsStandalone target not found
Native extension for WebGL target not found
Refreshing native plugins compatible for Editor in 0.56 ms, found 3 plugins.
Preloading 0 native plugins for Editor in 0.00 ms.
Mono: successfully reloaded assembly
- Completed reload, in  1.462 seconds
Platform modules already initialized, skipping
Refreshing native plugins compatible for Editor in 0.58 ms, found 3 plugins.
Preloading 0 native plugins for Editor in 0.00 ms.
Unloading 2089 Unused Serialized files (Serialized files now loaded: 0)
System memory in use before: 93.5 MB.
System memory in use after: 93.5 MB.

Unloading 21 unused Assets to reduce memory usage. Loaded Objects now: 2545.
Total: 2.993400 ms (FindLiveObjects: 0.242200 ms CreateObjectMapping: 0.079500 ms MarkObjects: 2.530400 ms  DeleteObjects: 0.139600 ms)

========================================================================
Received Prepare
Registering precompiled user dll's ...
Registered in 0.005200 seconds.
Begin MonoManager ReloadAssembly
Native extension for WindowsStandalone target not found
Native extension for WebGL target not found
Refreshing native plugins compatible for Editor in 0.62 ms, found 3 plugins.
Preloading 0 native plugins for Editor in 0.00 ms.
Mono: successfully reloaded assembly
- Completed reload, in  1.391 seconds
Platform modules already initialized, skipping
Refreshing native plugins compatible for Editor in 0.58 ms, found 3 plugins.
Preloading 0 native plugins for Editor in 0.00 ms.
Unloading 2089 Unused Serialized files (Serialized files now loaded: 0)
System memory in use before: 93.5 MB.
System memory in use after: 93.5 MB.

Unloading 21 unused Assets to reduce memory usage. Loaded Objects now: 2549.
Total: 2.872800 ms (FindLiveObjects: 0.248200 ms CreateObjectMapping: 0.066400 ms MarkObjects: 2.412700 ms  DeleteObjects: 0.143400 ms)

========================================================================
Received Import Request.
  Time since last request: 209.498352 seconds.
  path: Assets/Scenes/mainMenu.unity
  artifactKey: Guid(fc16b7e1834e44848b77893103e29a1e) Importer(815301076,1909f56bfc062723c751e8b465ee728b)
Start importing Assets/Scenes/mainMenu.unity using Guid(fc16b7e1834e44848b77893103e29a1e) Importer(815301076,1909f56bfc062723c751e8b465ee728b)  -> (artifact id: '62d8f01fb013cdecd79fb876c1821854') in 0.024787 seconds
  Import took 0.028684 seconds .

========================================================================
Received Prepare
Registering precompiled user dll's ...
Registered in 0.005246 seconds.
Begin MonoManager ReloadAssembly
Native extension for WindowsStandalone target not found
Native extension for WebGL target not found
Refreshing native plugins compatible for Editor in 0.58 ms, found 3 plugins.
Preloading 0 native plugins for Editor in 0.00 ms.
Mono: successfully reloaded assembly
- Completed reload, in  1.557 seconds
Platform modules already initialized, skipping
Refreshing native plugins compatible for Editor in 0.59 ms, found 3 plugins.
Preloading 0 native plugins for Editor in 0.00 ms.
Unloading 2089 Unused Serialized files (Serialized files now loaded: 0)
System memory in use before: 93.6 MB.
System memory in use after: 93.5 MB.

Unloading 21 unused Assets to reduce memory usage. Loaded Objects now: 2553.
Total: 2.838400 ms (FindLiveObjects: 0.246400 ms CreateObjectMapping: 0.068700 ms MarkObjects: 2.376000 ms  DeleteObjects: 0.145600 ms)

========================================================================
Received Prepare
Registering precompiled user dll's ...
Registered in 0.005832 seconds.
Begin MonoManager ReloadAssembly
Native extension for WindowsStandalone target not found
Native extension for WebGL target not found
Refreshing native plugins compatible for Editor in 0.58 ms, found 3 plugins.
Preloading 0 native plugins for Editor in 0.00 ms.
Mono: successfully reloaded assembly
- Completed reload, in  1.403 seconds
Platform modules already initialized, skipping
Refreshing native plugins compatible for Editor in 0.57 ms, found 3 plugins.
Preloading 0 native plugins for Editor in 0.00 ms.
Unloading 2089 Unused Serialized files (Serialized files now loaded: 0)
System memory in use before: 93.6 MB.
System memory in use after: 93.5 MB.

Unloading 21 unused Assets to reduce memory usage. Loaded Objects now: 2557.
Total: 2.975300 ms (FindLiveObjects: 0.242300 ms CreateObjectMapping: 0.067500 ms MarkObjects: 2.513300 ms  DeleteObjects: 0.150000 ms)

========================================================================
Received Prepare
Refreshing native plugins compatible for Editor in 5.32 ms, found 3 plugins.
Preloading 0 native plugins for Editor in 0.00 ms.
Unloading 19 Unused Serialized files (Serialized files now loaded: 0)
System memory in use before: 52.7 MB.
System memory in use after: 52.7 MB.

Unloading 19 unused Assets to reduce memory usage. Loaded Objects now: 2557.
Total: 3.170900 ms (FindLiveObjects: 0.234900 ms CreateObjectMapping: 0.066900 ms MarkObjects: 2.709100 ms  DeleteObjects: 0.158200 ms)

========================================================================
Received Prepare
Registering precompiled user dll's ...
Registered in 0.005449 seconds.
Begin MonoManager ReloadAssembly
Native extension for WindowsStandalone target not found
Native extension for WebGL target not found
Refreshing native plugins compatible for Editor in 0.59 ms, found 3 plugins.
Preloading 0 native plugins for Editor in 0.00 ms.
Mono: successfully reloaded assembly
- Completed reload, in  1.386 seconds
Platform modules already initialized, skipping
Refreshing native plugins compatible for Editor in 0.56 ms, found 3 plugins.
Preloading 0 native plugins for Editor in 0.00 ms.
Unloading 2089 Unused Serialized files (Serialized files now loaded: 0)
System memory in use before: 93.6 MB.
System memory in use after: 93.6 MB.

Unloading 21 unused Assets to reduce memory usage. Loaded Objects now: 2561.
Total: 2.913600 ms (FindLiveObjects: 0.251500 ms CreateObjectMapping: 0.068000 ms MarkObjects: 2.446400 ms  DeleteObjects: 0.145300 ms)

========================================================================
Received Prepare
Refreshing native plugins compatible for Editor in 6.29 ms, found 3 plugins.
Preloading 0 native plugins for Editor in 0.00 ms.
Unloading 19 Unused Serialized files (Serialized files now loaded: 0)
System memory in use before: 52.7 MB.
System memory in use after: 52.7 MB.

Unloading 19 unused Assets to reduce memory usage. Loaded Objects now: 2561.
Total: 3.924400 ms (FindLiveObjects: 0.395100 ms CreateObjectMapping: 0.083900 ms MarkObjects: 3.295200 ms  DeleteObjects: 0.148500 ms)

========================================================================
Received Prepare
Refreshing native plugins compatible for Editor in 5.54 ms, found 3 plugins.
Preloading 0 native plugins for Editor in 0.00 ms.
Unloading 19 Unused Serialized files (Serialized files now loaded: 0)
System memory in use before: 52.7 MB.
System memory in use after: 52.7 MB.

Unloading 19 unused Assets to reduce memory usage. Loaded Objects now: 2561.
Total: 2.824800 ms (FindLiveObjects: 0.248300 ms CreateObjectMapping: 0.067900 ms MarkObjects: 2.358100 ms  DeleteObjects: 0.148600 ms)

========================================================================
Received Prepare
Refreshing native plugins compatible for Editor in 5.37 ms, found 3 plugins.
Preloading 0 native plugins for Editor in 0.00 ms.
Unloading 19 Unused Serialized files (Serialized files now loaded: 0)
System memory in use before: 52.7 MB.
System memory in use after: 52.7 MB.

Unloading 19 unused Assets to reduce memory usage. Loaded Objects now: 2561.
Total: 3.509500 ms (FindLiveObjects: 0.263200 ms CreateObjectMapping: 0.083400 ms MarkObjects: 3.014700 ms  DeleteObjects: 0.146200 ms)

========================================================================
Received Import Request.
  Time since last request: 1766.753852 seconds.
  path: Assets/Scenes/level_2.unity
  artifactKey: Guid(538ccc82283e76a48b79c5702194834a) Importer(815301076,1909f56bfc062723c751e8b465ee728b)
Start importing Assets/Scenes/level_2.unity using Guid(538ccc82283e76a48b79c5702194834a) Importer(815301076,1909f56bfc062723c751e8b465ee728b)  -> (artifact id: '154c1add5d37fab3951b7140a9bf8694') in 0.024618 seconds
  Import took 0.029093 seconds .

========================================================================
Received Prepare
Registering precompiled user dll's ...
Registered in 0.005376 seconds.
Begin MonoManager ReloadAssembly
Native extension for WindowsStandalone target not found
Native extension for WebGL target not found
Refreshing native plugins compatible for Editor in 0.69 ms, found 3 plugins.
Preloading 0 native plugins for Editor in 0.00 ms.
Mono: successfully reloaded assembly
- Completed reload, in  1.445 seconds
Platform modules already initialized, skipping
Refreshing native plugins compatible for Editor in 0.58 ms, found 3 plugins.
Preloading 0 native plugins for Editor in 0.00 ms.
Unloading 2089 Unused Serialized files (Serialized files now loaded: 0)
System memory in use before: 93.6 MB.
System memory in use after: 93.6 MB.

Unloading 21 unused Assets to reduce memory usage. Loaded Objects now: 2565.
Total: 2.980200 ms (FindLiveObjects: 0.264900 ms CreateObjectMapping: 0.081400 ms MarkObjects: 2.488800 ms  DeleteObjects: 0.143200 ms)

========================================================================
Received Prepare
Refreshing native plugins compatible for Editor in 5.43 ms, found 3 plugins.
Preloading 0 native plugins for Editor in 0.00 ms.
Unloading 19 Unused Serialized files (Serialized files now loaded: 0)
System memory in use before: 52.7 MB.
System memory in use after: 52.7 MB.

Unloading 19 unused Assets to reduce memory usage. Loaded Objects now: 2565.
Total: 3.114600 ms (FindLiveObjects: 0.276000 ms CreateObjectMapping: 0.081700 ms MarkObjects: 2.608800 ms  DeleteObjects: 0.146300 ms)

========================================================================
Received Prepare
Registering precompiled user dll's ...
Registered in 0.005465 seconds.
Begin MonoManager ReloadAssembly
Native extension for WindowsStandalone target not found
Native extension for WebGL target not found
Refreshing native plugins compatible for Editor in 0.57 ms, found 3 plugins.
Preloading 0 native plugins for Editor in 0.00 ms.
Mono: successfully reloaded assembly
- Completed reload, in  1.565 seconds
Platform modules already initialized, skipping
Refreshing native plugins compatible for Editor in 0.57 ms, found 3 plugins.
Preloading 0 native plugins for Editor in 0.00 ms.
Unloading 2089 Unused Serialized files (Serialized files now loaded: 0)
System memory in use before: 93.6 MB.
System memory in use after: 93.6 MB.

Unloading 21 unused Assets to reduce memory usage. Loaded Objects now: 2569.
Total: 6.065600 ms (FindLiveObjects: 0.273100 ms CreateObjectMapping: 0.071300 ms MarkObjects: 5.558400 ms  DeleteObjects: 0.160300 ms)

========================================================================
Received Prepare
Refreshing native plugins compatible for Editor in 7.12 ms, found 3 plugins.
Preloading 0 native plugins for Editor in 0.00 ms.
Unloading 19 Unused Serialized files (Serialized files now loaded: 0)
System memory in use before: 52.7 MB.
System memory in use after: 52.7 MB.

Unloading 19 unused Assets to reduce memory usage. Loaded Objects now: 2569.
Total: 3.370300 ms (FindLiveObjects: 0.252100 ms CreateObjectMapping: 0.074600 ms MarkObjects: 2.879400 ms  DeleteObjects: 0.162800 ms)

========================================================================
Received Prepare
Refreshing native plugins compatible for Editor in 5.74 ms, found 3 plugins.
Preloading 0 native plugins for Editor in 0.00 ms.
Unloading 19 Unused Serialized files (Serialized files now loaded: 0)
System memory in use before: 52.7 MB.
System memory in use after: 52.7 MB.

Unloading 19 unused Assets to reduce memory usage. Loaded Objects now: 2569.
Total: 3.190600 ms (FindLiveObjects: 0.246600 ms CreateObjectMapping: 0.067000 ms MarkObjects: 2.720200 ms  DeleteObjects: 0.155500 ms)

========================================================================
Received Prepare
Registering precompiled user dll's ...
Registered in 0.005517 seconds.
Begin MonoManager ReloadAssembly
Native extension for WindowsStandalone target not found
Native extension for WebGL target not found
Refreshing native plugins compatible for Editor in 2.11 ms, found 3 plugins.
Preloading 0 native plugins for Editor in 0.00 ms.
Mono: successfully reloaded assembly
- Completed reload, in  1.570 seconds
Platform modules already initialized, skipping
Refreshing native plugins compatible for Editor in 0.58 ms, found 3 plugins.
Preloading 0 native plugins for Editor in 0.00 ms.
Unloading 2089 Unused Serialized files (Serialized files now loaded: 0)
System memory in use before: 93.6 MB.
System memory in use after: 93.6 MB.

Unloading 21 unused Assets to reduce memory usage. Loaded Objects now: 2573.
Total: 2.864900 ms (FindLiveObjects: 0.272900 ms CreateObjectMapping: 0.067800 ms MarkObjects: 2.350000 ms  DeleteObjects: 0.172600 ms)

========================================================================
Received Prepare
Refreshing native plugins compatible for Editor in 5.84 ms, found 3 plugins.
Preloading 0 native plugins for Editor in 0.00 ms.
Unloading 19 Unused Serialized files (Serialized files now loaded: 0)
System memory in use before: 52.7 MB.
System memory in use after: 52.7 MB.

Unloading 19 unused Assets to reduce memory usage. Loaded Objects now: 2573.
Total: 2.942400 ms (FindLiveObjects: 0.257400 ms CreateObjectMapping: 0.067800 ms MarkObjects: 2.467500 ms  DeleteObjects: 0.148500 ms)

========================================================================
Received Prepare
Refreshing native plugins compatible for Editor in 5.39 ms, found 3 plugins.
Preloading 0 native plugins for Editor in 0.00 ms.
Unloading 19 Unused Serialized files (Serialized files now loaded: 0)
System memory in use before: 52.7 MB.
System memory in use after: 52.7 MB.

Unloading 19 unused Assets to reduce memory usage. Loaded Objects now: 2573.
Total: 3.533500 ms (FindLiveObjects: 0.239900 ms CreateObjectMapping: 0.068300 ms MarkObjects: 3.071900 ms  DeleteObjects: 0.151800 ms)

========================================================================
Received Prepare
Registering precompiled user dll's ...
Registered in 0.005824 seconds.
Begin MonoManager ReloadAssembly
Native extension for WindowsStandalone target not found
Native extension for WebGL target not found
Refreshing native plugins compatible for Editor in 0.60 ms, found 3 plugins.
Preloading 0 native plugins for Editor in 0.00 ms.
Mono: successfully reloaded assembly
- Completed reload, in  1.440 seconds
Platform modules already initialized, skipping
Refreshing native plugins compatible for Editor in 0.56 ms, found 3 plugins.
Preloading 0 native plugins for Editor in 0.00 ms.
Unloading 2089 Unused Serialized files (Serialized files now loaded: 0)
System memory in use before: 93.6 MB.
System memory in use after: 93.6 MB.

Unloading 21 unused Assets to reduce memory usage. Loaded Objects now: 2577.
Total: 2.991400 ms (FindLiveObjects: 0.253400 ms CreateObjectMapping: 0.073900 ms MarkObjects: 2.509000 ms  DeleteObjects: 0.153600 ms)

========================================================================
Received Prepare
Refreshing native plugins compatible for Editor in 5.78 ms, found 3 plugins.
Preloading 0 native plugins for Editor in 0.00 ms.
Unloading 19 Unused Serialized files (Serialized files now loaded: 0)
System memory in use before: 52.7 MB.
System memory in use after: 52.7 MB.

Unloading 19 unused Assets to reduce memory usage. Loaded Objects now: 2577.
Total: 2.987100 ms (FindLiveObjects: 0.257200 ms CreateObjectMapping: 0.068200 ms MarkObjects: 2.510300 ms  DeleteObjects: 0.150200 ms)

========================================================================
Received Prepare
Refreshing native plugins compatible for Editor in 5.89 ms, found 3 plugins.
Preloading 0 native plugins for Editor in 0.00 ms.
Unloading 19 Unused Serialized files (Serialized files now loaded: 0)
System memory in use before: 52.7 MB.
System memory in use after: 52.7 MB.

Unloading 19 unused Assets to reduce memory usage. Loaded Objects now: 2577.
Total: 2.857300 ms (FindLiveObjects: 0.239300 ms CreateObjectMapping: 0.067800 ms MarkObjects: 2.402300 ms  DeleteObjects: 0.146700 ms)

========================================================================
Received Import Request.
  Time since last request: 1122.935455 seconds.
  path: Assets/Scripts/GameManager.cs
  artifactKey: Guid(d0e9c6e70929d164f8cbdae798bdeb51) Importer(815301076,1909f56bfc062723c751e8b465ee728b)
Start importing Assets/Scripts/GameManager.cs using Guid(d0e9c6e70929d164f8cbdae798bdeb51) Importer(815301076,1909f56bfc062723c751e8b465ee728b)  -> (artifact id: '055092a827af0008fa61c672a3ad3e78') in 0.009936 seconds
  Import took 0.014382 seconds .

========================================================================
Received Import Request.
  Time since last request: 0.038769 seconds.
  path: Assets/Scripts/GameManager.cs
  artifactKey: Guid(d0e9c6e70929d164f8cbdae798bdeb51) Importer(815301076,1909f56bfc062723c751e8b465ee728b)
Start importing Assets/Scripts/GameManager.cs using Guid(d0e9c6e70929d164f8cbdae798bdeb51) Importer(815301076,1909f56bfc062723c751e8b465ee728b)  -> (artifact id: '055092a827af0008fa61c672a3ad3e78') in 0.004624 seconds
  Import took 0.009542 seconds .

========================================================================
Received Prepare
Registering precompiled user dll's ...
Registered in 0.005620 seconds.
Begin MonoManager ReloadAssembly
Native extension for WindowsStandalone target not found
Native extension for WebGL target not found
Refreshing native plugins compatible for Editor in 0.63 ms, found 3 plugins.
Preloading 0 native plugins for Editor in 0.00 ms.
Mono: successfully reloaded assembly
- Completed reload, in  1.489 seconds
Platform modules already initialized, skipping
Refreshing native plugins compatible for Editor in 0.60 ms, found 3 plugins.
Preloading 0 native plugins for Editor in 0.00 ms.
Unloading 2089 Unused Serialized files (Serialized files now loaded: 0)
System memory in use before: 93.6 MB.
System memory in use after: 93.6 MB.

Unloading 21 unused Assets to reduce memory usage. Loaded Objects now: 2581.
Total: 3.259800 ms (FindLiveObjects: 0.253500 ms CreateObjectMapping: 0.075600 ms MarkObjects: 2.780500 ms  DeleteObjects: 0.148200 ms)

========================================================================
Received Import Request.
  Time since last request: 96.985186 seconds.
  path: Assets/Scripts/GameManager.cs
  artifactKey: Guid(d0e9c6e70929d164f8cbdae798bdeb51) Importer(815301076,1909f56bfc062723c751e8b465ee728b)
Start importing Assets/Scripts/GameManager.cs using Guid(d0e9c6e70929d164f8cbdae798bdeb51) Importer(815301076,1909f56bfc062723c751e8b465ee728b)  -> (artifact id: '5fdb6a9a351828277ab9456f0c4d9cc2') in 0.008689 seconds
  Import took 0.012909 seconds .

========================================================================
Received Import Request.
  Time since last request: 0.070018 seconds.
  path: Assets/Scripts/GameManager.cs
  artifactKey: Guid(d0e9c6e70929d164f8cbdae798bdeb51) Importer(815301076,1909f56bfc062723c751e8b465ee728b)
Start importing Assets/Scripts/GameManager.cs using Guid(d0e9c6e70929d164f8cbdae798bdeb51) Importer(815301076,1909f56bfc062723c751e8b465ee728b)  -> (artifact id: '5fdb6a9a351828277ab9456f0c4d9cc2') in 0.006763 seconds
  Import took 0.010574 seconds .

========================================================================
Received Prepare
Registering precompiled user dll's ...
Registered in 0.007184 seconds.
Begin MonoManager ReloadAssembly
Native extension for WindowsStandalone target not found
Native extension for WebGL target not found
Refreshing native plugins compatible for Editor in 0.58 ms, found 3 plugins.
Preloading 0 native plugins for Editor in 0.00 ms.
Mono: successfully reloaded assembly
- Completed reload, in  5.104 seconds
Platform modules already initialized, skipping
Refreshing native plugins compatible for Editor in 0.71 ms, found 3 plugins.
Preloading 0 native plugins for Editor in 0.00 ms.
Unloading 2089 Unused Serialized files (Serialized files now loaded: 0)
System memory in use before: 93.6 MB.
System memory in use after: 93.6 MB.

Unloading 21 unused Assets to reduce memory usage. Loaded Objects now: 2585.
Total: 3.437900 ms (FindLiveObjects: 0.359500 ms CreateObjectMapping: 0.092300 ms MarkObjects: 2.804400 ms  DeleteObjects: 0.179000 ms)

========================================================================
Received Prepare
Refreshing native plugins compatible for Editor in 5.24 ms, found 3 plugins.
Preloading 0 native plugins for Editor in 0.00 ms.
Unloading 19 Unused Serialized files (Serialized files now loaded: 0)
System memory in use before: 52.8 MB.
System memory in use after: 52.7 MB.

Unloading 19 unused Assets to reduce memory usage. Loaded Objects now: 2585.
Total: 2.947200 ms (FindLiveObjects: 0.274600 ms CreateObjectMapping: 0.082500 ms MarkObjects: 2.438300 ms  DeleteObjects: 0.150000 ms)

